Flutter crash report; please file at https://github.com/flutter/flutter/issues.

## command

flutter --no-color run --machine --track-widget-creation --device-id=chrome --start-paused --dart-define=flutter.inspector.structuredErrors=true lib\main.dart

## exception

StateError: Bad state: StreamSink is closed

```
#0      _StreamSinkImpl.add (dart:io/io_sink.dart:156:7)
#1      _Socket.add (dart:io-patch/socket_patch.dart:1868:38)
#2      _DetachedSocket.add (dart:_http/http_impl.dart:3070:13)
#3      _ByteAdapterSink.add (dart:convert/byte_conversion.dart:60:11)
#4      ByteConversionSinkBase.addSlice (dart:convert/byte_conversion.dart:45:5)
#5      _Utf8EncoderSink.addSlice (dart:convert/utf.dart:267:13)
#6      StringConversionSinkMixin.add (dart:convert/string_conversion.dart:165:5)
#7      SseConnection._setUpListener (package:sse/src/server/sse_handler.dart:73:15)
<asynchronous suspension>
#8      new SseConnection (package:sse/src/server/sse_handler.dart:53:15)
#9      SseHandler._createSseConnection.<anonymous closure> (package:sse/src/server/sse_handler.dart:161:26)
#10     _fromHttpRequest.onHijack.<anonymous closure> (package:shelf/shelf_io.dart:146:35)
#11     _rootRunUnary (dart:async/zone.dart:1192:38)
#12     _CustomZone.runUnary (dart:async/zone.dart:1085:19)
#13     _FutureListener.handleValue (dart:async/future_impl.dart:141:18)
#14     Future._propagateToListeners.handleValueCallback (dart:async/future_impl.dart:682:45)
#15     Future._propagateToListeners (dart:async/future_impl.dart:711:32)
#16     Future._completeWithValue (dart:async/future_impl.dart:526:5)
#17     Future._asyncComplete.<anonymous closure> (dart:async/future_impl.dart:556:7)
#18     _rootRun (dart:async/zone.dart:1184:13)
#19     _CustomZone.run (dart:async/zone.dart:1077:19)
#20     _CustomZone.runGuarded (dart:async/zone.dart:979:7)
#21     _CustomZone.bindCallbackGuarded.<anonymous closure> (dart:async/zone.dart:1019:23)
#22     _microtaskLoop (dart:async/schedule_microtask.dart:43:21)
#23     _startMicrotaskLoop (dart:async/schedule_microtask.dart:52:5)
#24     _runPendingImmediateCallback (dart:isolate-patch/isolate_patch.dart:118:13)
#25     _RawReceivePortImpl._handleMessage (dart:isolate-patch/isolate_patch.dart:169:5)
```

## flutter doctor

```
[✓] Flutter (Channel beta, v1.17.0, on Microsoft Windows [Version 10.0.19041.450], locale en-IN)
    • Flutter version 1.17.0 at C:\src\flutter
    • Framework revision d3ed9ec945 (5 months ago), 2020-04-06 14:07:34 -0700
    • Engine revision c9506cb8e9
    • Dart version 2.8.0 (build 2.8.0-dev.18.0 eea9717938)

[✓] Android toolchain - develop for Android devices (Android SDK version 28.0.3)
    • Android SDK at C:\Users\smt78\AppData\Local\Android\sdk
    • Platform android-28, build-tools 28.0.3
    • Java binary at: C:\Program Files\Android\Android Studio\jre\bin\java
    • Java version OpenJDK Runtime Environment (build 1.8.0_242-release-1644-b01)
    • All Android licenses accepted.

[✓] Chrome - develop for the web
    • Chrome at C:\Program Files (x86)\Google\Chrome\Application\chrome.exe

[✓] Android Studio (version 4.0)
    • Android Studio at C:\Program Files\Android\Android Studio
    • Flutter plugin version 48.1.2
    • Dart plugin version 193.7361
    • Java version OpenJDK Runtime Environment (build 1.8.0_242-release-1644-b01)

[✓] VS Code (version 1.48.1)
    • VS Code at C:\Users\smt78\AppData\Local\Programs\Microsoft VS Code
    • Flutter extension version 3.13.2

[✓] Connected device (2 available)
    • Chrome     • chrome     • web-javascript • Google Chrome 84.0.4147.135
    • Web Server • web-server • web-javascript • Flutter Tools

• No issues found!
```
